<?xml version="1.0" encoding="UTF-8"?>
<testng-results ignored="0" total="5" passed="5" failed="0" skipped="0">
  <reporter-output>
  </reporter-output>
  <suite started-at="2021-12-21T20:21:23 IST" name="Suite" finished-at="2021-12-21T20:21:34 IST" duration-ms="10559">
    <groups>
      <group name="cucumber">
        <method signature="AbstractTestNGCucumberTests.runScenario(io.cucumber.testng.PickleWrapper,io.cucumber.testng.FeatureWrapper)[pri:0, instance:com.runner.TestRunner@2fb3536e]" name="runScenario" class="io.cucumber.testng.AbstractTestNGCucumberTests"/>
      </group> <!-- cucumber -->
    </groups>
    <test started-at="2021-12-21T20:21:23 IST" name="Test" finished-at="2021-12-21T20:21:34 IST" duration-ms="10559">
      <class name="com.runner.TestRunner">
        <test-method is-config="true" signature="setUpClass(org.testng.ITestContext)[pri:0, instance:com.runner.TestRunner@2fb3536e]" started-at="2021-12-21T20:21:23 IST" name="setUpClass" finished-at="2021-12-21T20:21:24 IST" duration-ms="531" status="PASS">
          <params>
            <param index="0">
              <value>
                <![CDATA[org.testng.TestRunner@2e0fdbe9]]>
              </value>
            </param>
          </params>
          <reporter-output>
          </reporter-output>
        </test-method> <!-- setUpClass -->
        <test-method signature="runScenario(io.cucumber.testng.PickleWrapper,io.cucumber.testng.FeatureWrapper)[pri:0, instance:com.runner.TestRunner@2fb3536e]" started-at="2021-12-21T20:21:24 IST" name="runScenario" description="Runs Cucumber Scenarios" data-provider="scenarios" finished-at="2021-12-21T20:21:29 IST" duration-ms="5637" status="PASS">
          <params>
            <param index="0">
              <value>
                <![CDATA["Navigate home page"]]>
              </value>
            </param>
            <param index="1">
              <value>
                <![CDATA["Optional[Booking tickets through FlyAway]"]]>
              </value>
            </param>
          </params>
          <reporter-output>
          </reporter-output>
        </test-method> <!-- runScenario -->
        <test-method signature="runScenario(io.cucumber.testng.PickleWrapper,io.cucumber.testng.FeatureWrapper)[pri:0, instance:com.runner.TestRunner@2fb3536e]" started-at="2021-12-21T20:21:29 IST" name="runScenario" description="Runs Cucumber Scenarios" data-provider="scenarios" finished-at="2021-12-21T20:21:30 IST" duration-ms="474" status="PASS">
          <params>
            <param index="0">
              <value>
                <![CDATA["User Performs the login"]]>
              </value>
            </param>
            <param index="1">
              <value>
                <![CDATA["Optional[Booking tickets through FlyAway]"]]>
              </value>
            </param>
          </params>
          <reporter-output>
          </reporter-output>
        </test-method> <!-- runScenario -->
        <test-method signature="runScenario(io.cucumber.testng.PickleWrapper,io.cucumber.testng.FeatureWrapper)[pri:0, instance:com.runner.TestRunner@2fb3536e]" started-at="2021-12-21T20:21:30 IST" name="runScenario" description="Runs Cucumber Scenarios" data-provider="scenarios" finished-at="2021-12-21T20:21:30 IST" duration-ms="247" status="PASS">
          <params>
            <param index="0">
              <value>
                <![CDATA["User selects the flight"]]>
              </value>
            </param>
            <param index="1">
              <value>
                <![CDATA["Optional[Booking tickets through FlyAway]"]]>
              </value>
            </param>
          </params>
          <reporter-output>
          </reporter-output>
        </test-method> <!-- runScenario -->
        <test-method signature="runScenario(io.cucumber.testng.PickleWrapper,io.cucumber.testng.FeatureWrapper)[pri:0, instance:com.runner.TestRunner@2fb3536e]" started-at="2021-12-21T20:21:30 IST" name="runScenario" description="Runs Cucumber Scenarios" data-provider="scenarios" finished-at="2021-12-21T20:21:30 IST" duration-ms="311" status="PASS">
          <params>
            <param index="0">
              <value>
                <![CDATA["User books the flight"]]>
              </value>
            </param>
            <param index="1">
              <value>
                <![CDATA["Optional[Booking tickets through FlyAway]"]]>
              </value>
            </param>
          </params>
          <reporter-output>
          </reporter-output>
        </test-method> <!-- runScenario -->
        <test-method signature="runScenario(io.cucumber.testng.PickleWrapper,io.cucumber.testng.FeatureWrapper)[pri:0, instance:com.runner.TestRunner@2fb3536e]" started-at="2021-12-21T20:21:30 IST" name="runScenario" description="Runs Cucumber Scenarios" data-provider="scenarios" finished-at="2021-12-21T20:21:34 IST" duration-ms="3284" status="PASS">
          <params>
            <param index="0">
              <value>
                <![CDATA["rest"]]>
              </value>
            </param>
            <param index="1">
              <value>
                <![CDATA["Optional[Booking tickets through FlyAway]"]]>
              </value>
            </param>
          </params>
          <reporter-output>
          </reporter-output>
        </test-method> <!-- runScenario -->
        <test-method is-config="true" signature="tearDownClass()[pri:0, instance:com.runner.TestRunner@2fb3536e]" started-at="2021-12-21T20:21:34 IST" name="tearDownClass" finished-at="2021-12-21T20:21:34 IST" duration-ms="19" status="PASS">
          <reporter-output>
          </reporter-output>
        </test-method> <!-- tearDownClass -->
      </class> <!-- com.runner.TestRunner -->
    </test> <!-- Test -->
  </suite> <!-- Suite -->
</testng-results>
