<?xml version="1.0" encoding="UTF-8"?>
<testsuite xmlns:xsi="http://www.w3.org/2001/XMLSchema-instance" xsi:noNamespaceSchemaLocation="https://maven.apache.org/surefire/maven-surefire-plugin/xsd/surefire-test-report-3.0.xsd" version="3.0" name="TestSuite" time="11.374" tests="5" errors="0" skipped="0" failures="0">
  <properties>
[...]
</properties>
  <testcase name="runScenario[&quot;Navigate home page&quot;, &quot;Optional[Booking tickets through FlyAway]&quot;](1)" classname="com.runner.TestRunner" time="5.661">
    <system-out><![CDATA[user has opened Application
user opens Home page
user should be navigated to home page
]]></system-out>
    <system-err><![CDATA[Starting ChromeDriver 96.0.4664.45 (76e4c1bb2ab4671b8beba3444e61c0f17584b2fc-refs/branch-heads/4664@{#947}) on port 7537
Only local connections are allowed.
Please see https://chromedriver.chromium.org/security-considerations for suggestions on keeping ChromeDriver safe.
ChromeDriver was started successfully.
Dec 21, 2021 8:21:29 PM org.openqa.selenium.remote.ProtocolHandshake createSession
INFO: Detected dialect: W3C
]]></system-err>
  </testcase>
  <testcase name="runScenario[&quot;User Performs the login&quot;, &quot;Optional[Booking tickets through FlyAway]&quot;](2)" classname="com.runner.TestRunner" time="0.447">
    <system-out><![CDATA[user has opened login page
user opts to login
user enters details required
user has been logged in
]]></system-out>
  </testcase>
  <testcase name="runScenario[&quot;User selects the flight&quot;, &quot;Optional[Booking tickets through FlyAway]&quot;](3)" classname="com.runner.TestRunner" time="0.246">
    <system-out><![CDATA[user choosed source and destination of the flight
user clicks on submit button to see the flights
user is able to see tha available flights
]]></system-out>
  </testcase>
  <testcase name="runScenario[&quot;User books the flight&quot;, &quot;Optional[Booking tickets through FlyAway]&quot;](4)" classname="com.runner.TestRunner" time="0.312">
    <system-out><![CDATA[user clicks on the book flight
user is on payment page clicks on complete booking
user is able to see the booked flights
]]></system-out>
  </testcase>
  <testcase name="runScenario[&quot;rest&quot;, &quot;Optional[Booking tickets through FlyAway]&quot;](5)" classname="com.runner.TestRunner" time="3.287">
    <system-out><![CDATA[200POSTrequest
rest passed
302GET1request

user respose body
200GETrequest

    
     

<!DOCTYPE html>
<html>
<head>
<meta charset="UTF-8">
<title>Fly Away - Your Bookings</title>
</head>
<body>

<h3>  </h3>

    
     


<a href="home">Home</a> | 

	<a href="login">Login/Signup</a> | 



 
<br><br>

<br><br>Total  bookings<br>

<table border=1 cellspacing=2 cellpadding=4>
 		<tr>
 		<td><b>Date Of Booking</b></td>
 		<td><b>Source</b></td>
 		<td><b>Destination</b></td>
 		<td><b>Airline</b></td>
 		<td><b>Cost</b></td>
 	</tr>
	 	
</table> 		

<br>
<hr>
(C) FlyAway 2019
</body>
</html>
]]></system-out>
  </testcase>
</testsuite>